0 info it worked if it ends with ok
1 verbose cli [ '/usr/local/Cellar/node/7.2.0/bin/node',
1 verbose cli   '/usr/local/bin/npm',
1 verbose cli   'install',
1 verbose cli   '..',
1 verbose cli   '--save' ]
2 info using npm@3.10.9
3 info using node@v7.2.0
4 silly loadCurrentTree Starting
5 silly install loadCurrentTree
6 silly install readLocalPackageData
7 silly fetchPackageMetaData ..
8 silly fetchDirectoryPackageData ..
9 silly install normalizeTree
10 silly loadCurrentTree Finishing
11 silly loadIdealTree Starting
12 silly install loadIdealTree
13 silly cloneCurrentTree Starting
14 silly install cloneCurrentTreeToIdealTree
15 silly cloneCurrentTree Finishing
16 silly loadShrinkwrap Starting
17 silly install loadShrinkwrap
18 silly loadShrinkwrap Finishing
19 silly loadAllDepsIntoIdealTree Starting
20 silly install loadAllDepsIntoIdealTree
21 silly resolveWithNewModule nativescript-algolia@1.0.0 checking installable status
22 silly cache add args [ '..', null ]
23 verbose cache add spec ..
24 silly cache add parsed spec Result {
24 silly cache add   raw: '..',
24 silly cache add   scope: null,
24 silly cache add   escapedName: null,
24 silly cache add   name: null,
24 silly cache add   rawSpec: '..',
24 silly cache add   spec: '/Users/arpitsrivastava/nativescript-algolia',
24 silly cache add   type: 'directory' }
25 verbose addLocalDirectory /Users/arpitsrivastava/.npm/nativescript-algolia/1.0.0/package.tgz not in flight; packing
26 verbose correctMkdir /Users/arpitsrivastava/.npm correctMkdir not in flight; initializing
27 info lifecycle nativescript-algolia@1.0.0~prepublish: nativescript-algolia@1.0.0
28 verbose lifecycle nativescript-algolia@1.0.0~prepublish: unsafe-perm in lifecycle true
29 verbose lifecycle nativescript-algolia@1.0.0~prepublish: PATH: /usr/local/lib/node_modules/npm/bin/node-gyp-bin:/Users/arpitsrivastava/nativescript-algolia/node_modules/.bin:/usr/local/lib/node_modules/npm/bin/node-gyp-bin:/Users/arpitsrivastava/nativescript-algolia/node_modules/.bin:/usr/local/Cellar/node/7.2.0/bin:/usr/local/bin:/usr/bin:/bin:/usr/sbin:/sbin
30 verbose lifecycle nativescript-algolia@1.0.0~prepublish: CWD: /Users/arpitsrivastava/nativescript-algolia
31 silly lifecycle nativescript-algolia@1.0.0~prepublish: Args: [ '-c', 'tsc' ]
32 info lifecycle nativescript-algolia@1.0.0~prepublish: Failed to exec prepublish script
33 error addLocal Could not install /Users/arpitsrivastava/nativescript-algolia
34 silly rollbackFailedOptional Starting
35 silly rollbackFailedOptional Finishing
36 silly runTopLevelLifecycles Finishing
37 silly install printInstalled
38 verbose stack Error: nativescript-algolia@1.0.0 prepublish: `tsc`
38 verbose stack spawn ENOENT
38 verbose stack     at ChildProcess.<anonymous> (/usr/local/lib/node_modules/npm/lib/utils/spawn.js:33:16)
38 verbose stack     at emitTwo (events.js:106:13)
38 verbose stack     at ChildProcess.emit (events.js:191:7)
38 verbose stack     at maybeClose (internal/child_process.js:885:16)
38 verbose stack     at Process.ChildProcess._handle.onexit (internal/child_process.js:226:5)
39 verbose pkgid nativescript-algolia@1.0.0
40 verbose cwd /Users/arpitsrivastava/nativescript-algolia/demo
41 error Darwin 16.3.0
42 error argv "/usr/local/Cellar/node/7.2.0/bin/node" "/usr/local/bin/npm" "install" ".." "--save"
43 error node v7.2.0
44 error npm  v3.10.9
45 error file sh
46 error code ELIFECYCLE
47 error errno ENOENT
48 error syscall spawn
49 error nativescript-algolia@1.0.0 prepublish: `tsc`
49 error spawn ENOENT
50 error Failed at the nativescript-algolia@1.0.0 prepublish script 'tsc'.
50 error Make sure you have the latest version of node.js and npm installed.
50 error If you do, this is most likely a problem with the nativescript-algolia package,
50 error not with npm itself.
50 error Tell the author that this fails on your system:
50 error     tsc
50 error You can get information on how to open an issue for this project with:
50 error     npm bugs nativescript-algolia
50 error Or if that isn't available, you can get their info via:
50 error     npm owner ls nativescript-algolia
50 error There is likely additional logging output above.
51 verbose exit [ 1, true ]
